<?xml version="1.0" encoding="UTF-8"?>
<testng-results ignored="0" total="6" passed="6" failed="0" skipped="0">
  <reporter-output>
  </reporter-output>
  <suite started-at="2024-04-02T11:23:33 IST" name="Default suite" finished-at="2024-04-02T11:23:35 IST" duration-ms="1938">
    <groups>
      <group name="cucumber">
        <method signature="AbstractTestNGCucumberTests.runScenario(io.cucumber.testng.PickleWrapper,io.cucumber.testng.FeatureWrapper)[pri:0, instance:Runner.shop_test@59402b8f]" name="runScenario" class="io.cucumber.testng.AbstractTestNGCucumberTests"/>
      </group> <!-- cucumber -->
    </groups>
    <test started-at="2024-04-02T11:23:33 IST" name="Default test" finished-at="2024-04-02T11:23:35 IST" duration-ms="1938">
      <class name="Runner.shop_test">
        <test-method is-config="true" signature="setUpClass(org.testng.ITestContext)[pri:0, instance:Runner.shop_test@59402b8f]" started-at="2024-04-02T11:23:33 IST" name="setUpClass" finished-at="2024-04-02T11:23:33 IST" duration-ms="374" status="PASS">
          <params>
            <param index="0">
              <value>
                <![CDATA[org.testng.TestRunner@4b1ec694]]>
              </value>
            </param>
          </params>
          <reporter-output>
          </reporter-output>
        </test-method> <!-- setUpClass -->
        <test-method signature="runScenario(io.cucumber.testng.PickleWrapper,io.cucumber.testng.FeatureWrapper)[pri:0, instance:Runner.shop_test@59402b8f]" started-at="2024-04-02T11:23:33 IST" name="runScenario" description="Runs Cucumber Scenarios" data-provider="scenarios" finished-at="2024-04-02T11:23:33 IST" duration-ms="156" status="PASS">
          <params>
            <param index="0">
              <value>
                <![CDATA["Viewing Details"]]>
              </value>
            </param>
            <param index="1">
              <value>
                <![CDATA["Shop Module of asianpaints website"]]>
              </value>
            </param>
          </params>
          <reporter-output>
          </reporter-output>
        </test-method> <!-- runScenario -->
        <test-method signature="runScenario(io.cucumber.testng.PickleWrapper,io.cucumber.testng.FeatureWrapper)[pri:0, instance:Runner.shop_test@59402b8f]" started-at="2024-04-02T11:23:33 IST" name="runScenario" description="Runs Cucumber Scenarios" data-provider="scenarios" finished-at="2024-04-02T11:23:33 IST" duration-ms="7" status="PASS">
          <params>
            <param index="0">
              <value>
                <![CDATA["Filtering by price"]]>
              </value>
            </param>
            <param index="1">
              <value>
                <![CDATA["Shop Module of asianpaints website"]]>
              </value>
            </param>
          </params>
          <reporter-output>
          </reporter-output>
        </test-method> <!-- runScenario -->
        <test-method signature="runScenario(io.cucumber.testng.PickleWrapper,io.cucumber.testng.FeatureWrapper)[pri:0, instance:Runner.shop_test@59402b8f]" started-at="2024-04-02T11:23:33 IST" name="runScenario" description="Runs Cucumber Scenarios" data-provider="scenarios" finished-at="2024-04-02T11:23:33 IST" duration-ms="6" status="PASS">
          <params>
            <param index="0">
              <value>
                <![CDATA["Filtering by colours"]]>
              </value>
            </param>
            <param index="1">
              <value>
                <![CDATA["Shop Module of asianpaints website"]]>
              </value>
            </param>
          </params>
          <reporter-output>
          </reporter-output>
        </test-method> <!-- runScenario -->
        <test-method signature="runScenario(io.cucumber.testng.PickleWrapper,io.cucumber.testng.FeatureWrapper)[pri:0, instance:Runner.shop_test@59402b8f]" started-at="2024-04-02T11:23:33 IST" name="runScenario" description="Runs Cucumber Scenarios" data-provider="scenarios" finished-at="2024-04-02T11:23:33 IST" duration-ms="6" status="PASS">
          <params>
            <param index="0">
              <value>
                <![CDATA["Viewing product details"]]>
              </value>
            </param>
            <param index="1">
              <value>
                <![CDATA["Shop Module of asianpaints website"]]>
              </value>
            </param>
          </params>
          <reporter-output>
          </reporter-output>
        </test-method> <!-- runScenario -->
        <test-method signature="runScenario(io.cucumber.testng.PickleWrapper,io.cucumber.testng.FeatureWrapper)[pri:0, instance:Runner.shop_test@59402b8f]" started-at="2024-04-02T11:23:33 IST" name="runScenario" description="Runs Cucumber Scenarios" data-provider="scenarios" finished-at="2024-04-02T11:23:33 IST" duration-ms="8" status="PASS">
          <params>
            <param index="0">
              <value>
                <![CDATA["Getting latest trending news"]]>
              </value>
            </param>
            <param index="1">
              <value>
                <![CDATA["Shop Module of asianpaints website"]]>
              </value>
            </param>
          </params>
          <reporter-output>
          </reporter-output>
        </test-method> <!-- runScenario -->
        <test-method signature="runScenario(io.cucumber.testng.PickleWrapper,io.cucumber.testng.FeatureWrapper)[pri:0, instance:Runner.shop_test@59402b8f]" started-at="2024-04-02T11:23:33 IST" name="runScenario" description="Runs Cucumber Scenarios" data-provider="scenarios" finished-at="2024-04-02T11:23:33 IST" duration-ms="4" status="PASS">
          <params>
            <param index="0">
              <value>
                <![CDATA["Getting latest trending news"]]>
              </value>
            </param>
            <param index="1">
              <value>
                <![CDATA["Shop Module of asianpaints website"]]>
              </value>
            </param>
          </params>
          <reporter-output>
          </reporter-output>
        </test-method> <!-- runScenario -->
        <test-method is-config="true" signature="tearDownClass()[pri:0, instance:Runner.shop_test@59402b8f]" started-at="2024-04-02T11:23:33 IST" name="tearDownClass" finished-at="2024-04-02T11:23:35 IST" duration-ms="1336" status="PASS">
          <reporter-output>
          </reporter-output>
        </test-method> <!-- tearDownClass -->
      </class> <!-- Runner.shop_test -->
    </test> <!-- Default test -->
  </suite> <!-- Default suite -->
</testng-results>
